<?xml version="1.0" encoding="UTF-8"?>
<testsuites>
  <testsuite name="/var/www/html/phpunit.xml" tests="99" assertions="275" errors="0" failures="0" skipped="0" time="0.060710">
    <testsuite name="NeoFramework Core Tests" tests="99" assertions="275" errors="0" failures="0" skipped="0" time="0.060710">
      <testsuite name="Tests\NeoFrameworkControllerTest" file="/var/www/html/tests/NeoFrameworkControllerTest.php" tests="11" assertions="40" errors="0" failures="0" skipped="0" time="0.005577">
        <testcase name="testConstructor" file="/var/www/html/tests/NeoFrameworkControllerTest.php" line="71" class="Tests\NeoFrameworkControllerTest" classname="Tests.NeoFrameworkControllerTest" assertions="4" time="0.001970"/>
        <testcase name="testUrlQueryProperty" file="/var/www/html/tests/NeoFrameworkControllerTest.php" line="90" class="Tests\NeoFrameworkControllerTest" classname="Tests.NeoFrameworkControllerTest" assertions="5" time="0.000411"/>
        <testcase name="testSetAndGetRequest" file="/var/www/html/tests/NeoFrameworkControllerTest.php" line="103" class="Tests\NeoFrameworkControllerTest" classname="Tests.NeoFrameworkControllerTest" assertions="4" time="0.000314"/>
        <testcase name="testSetAndGetResponse" file="/var/www/html/tests/NeoFrameworkControllerTest.php" line="117" class="Tests\NeoFrameworkControllerTest" classname="Tests.NeoFrameworkControllerTest" assertions="4" time="0.000148"/>
        <testcase name="testDefaultRequestAndResponse" file="/var/www/html/tests/NeoFrameworkControllerTest.php" line="131" class="Tests\NeoFrameworkControllerTest" classname="Tests.NeoFrameworkControllerTest" assertions="2" time="0.000158"/>
        <testcase name="testGetOffset" file="/var/www/html/tests/NeoFrameworkControllerTest.php" line="138" class="Tests\NeoFrameworkControllerTest" classname="Tests.NeoFrameworkControllerTest" assertions="5" time="0.000161"/>
        <testcase name="testGetLimit" file="/var/www/html/tests/NeoFrameworkControllerTest.php" line="162" class="Tests\NeoFrameworkControllerTest" classname="Tests.NeoFrameworkControllerTest" assertions="4" time="0.000151"/>
        <testcase name="testIsMobile" file="/var/www/html/tests/NeoFrameworkControllerTest.php" line="173" class="Tests\NeoFrameworkControllerTest" classname="Tests.NeoFrameworkControllerTest" assertions="4" time="0.001759"/>
        <testcase name="testValidCsrfTokenConstant" file="/var/www/html/tests/NeoFrameworkControllerTest.php" line="196" class="Tests\NeoFrameworkControllerTest" classname="Tests.NeoFrameworkControllerTest" assertions="1" time="0.000171"/>
        <testcase name="testMethodChaining" file="/var/www/html/tests/NeoFrameworkControllerTest.php" line="201" class="Tests\NeoFrameworkControllerTest" classname="Tests.NeoFrameworkControllerTest" assertions="3" time="0.000147"/>
        <testcase name="testControllerWithComplexPageScenarios" file="/var/www/html/tests/NeoFrameworkControllerTest.php" line="215" class="Tests\NeoFrameworkControllerTest" classname="Tests.NeoFrameworkControllerTest" assertions="4" time="0.000184"/>
      </testsuite>
      <testsuite name="Tests\NeoFrameworkJobsTest" file="/var/www/html/tests/NeoFrameworkJobsTest.php" tests="26" assertions="72" errors="0" failures="0" skipped="0" time="0.033415">
        <testcase name="testJobEntityCanBeCreated" file="/var/www/html/tests/NeoFrameworkJobsTest.php" line="169" class="Tests\NeoFrameworkJobsTest" classname="Tests.NeoFrameworkJobsTest" assertions="1" time="0.004740"/>
        <testcase name="testJobEntityCanConvertToArray" file="/var/www/html/tests/NeoFrameworkJobsTest.php" line="175" class="Tests\NeoFrameworkJobsTest" classname="Tests.NeoFrameworkJobsTest" assertions="4" time="0.001012"/>
        <testcase name="testJobEntityCanConvertToJson" file="/var/www/html/tests/NeoFrameworkJobsTest.php" line="187" class="Tests\NeoFrameworkJobsTest" classname="Tests.NeoFrameworkJobsTest" assertions="3" time="0.001039"/>
        <testcase name="testJobEntityCanCreateFromArray" file="/var/www/html/tests/NeoFrameworkJobsTest.php" line="199" class="Tests\NeoFrameworkJobsTest" classname="Tests.NeoFrameworkJobsTest" assertions="7" time="0.000881"/>
        <testcase name="testJobEntityCanCreateFromJson" file="/var/www/html/tests/NeoFrameworkJobsTest.php" line="222" class="Tests\NeoFrameworkJobsTest" classname="Tests.NeoFrameworkJobsTest" assertions="3" time="0.000868"/>
        <testcase name="testJobEntityCanCheckIfJobIsDue" file="/var/www/html/tests/NeoFrameworkJobsTest.php" line="237" class="Tests\NeoFrameworkJobsTest" classname="Tests.NeoFrameworkJobsTest" assertions="3" time="0.000870"/>
        <testcase name="testEnqueueAddsJobToQueue" file="/var/www/html/tests/NeoFrameworkJobsTest.php" line="256" class="Tests\NeoFrameworkJobsTest" classname="Tests.NeoFrameworkJobsTest" assertions="2" time="0.001095"/>
        <testcase name="testScheduleJobAddsJobToScheduledQueue" file="/var/www/html/tests/NeoFrameworkJobsTest.php" line="273" class="Tests\NeoFrameworkJobsTest" classname="Tests.NeoFrameworkJobsTest" assertions="3" time="0.001260"/>
        <testcase name="testDequeueReturnsAndRemovesJobFromQueue" file="/var/www/html/tests/NeoFrameworkJobsTest.php" line="296" class="Tests\NeoFrameworkJobsTest" classname="Tests.NeoFrameworkJobsTest" assertions="6" time="0.001386"/>
        <testcase name="testMigrateScheduledJobsMovesJobsToMainQueue" file="/var/www/html/tests/NeoFrameworkJobsTest.php" line="326" class="Tests\NeoFrameworkJobsTest" classname="Tests.NeoFrameworkJobsTest" assertions="4" time="0.001549"/>
        <testcase name="testLockCreatesLockForJob" file="/var/www/html/tests/NeoFrameworkJobsTest.php" line="362" class="Tests\NeoFrameworkJobsTest" classname="Tests.NeoFrameworkJobsTest" assertions="2" time="0.000816"/>
        <testcase name="testUnlockRemovesLockForJob" file="/var/www/html/tests/NeoFrameworkJobsTest.php" line="381" class="Tests\NeoFrameworkJobsTest" classname="Tests.NeoFrameworkJobsTest" assertions="2" time="0.000881"/>
        <testcase name="testSizeReturnsQueueLength" file="/var/www/html/tests/NeoFrameworkJobsTest.php" line="403" class="Tests\NeoFrameworkJobsTest" classname="Tests.NeoFrameworkJobsTest" assertions="2" time="0.001151"/>
        <testcase name="testGetJobsReturnsJobsFromQueue" file="/var/www/html/tests/NeoFrameworkJobsTest.php" line="429" class="Tests\NeoFrameworkJobsTest" classname="Tests.NeoFrameworkJobsTest" assertions="3" time="0.001523"/>
        <testcase name="testRetryAddsJobBackToQueue" file="/var/www/html/tests/NeoFrameworkJobsTest.php" line="457" class="Tests\NeoFrameworkJobsTest" classname="Tests.NeoFrameworkJobsTest" assertions="5" time="0.001694"/>
        <testcase name="testGetDueJobsReturnsScheduledJobsDue" file="/var/www/html/tests/NeoFrameworkJobsTest.php" line="488" class="Tests\NeoFrameworkJobsTest" classname="Tests.NeoFrameworkJobsTest" assertions="2" time="0.001028"/>
        <testcase name="testMarkAsCompletedUpdatesJobStatus" file="/var/www/html/tests/NeoFrameworkJobsTest.php" line="511" class="Tests\NeoFrameworkJobsTest" classname="Tests.NeoFrameworkJobsTest" assertions="1" time="0.001302"/>
        <testcase name="testMarkAsFailedUpdatesJobStatusAndAddsToFailedQueue" file="/var/www/html/tests/NeoFrameworkJobsTest.php" line="532" class="Tests\NeoFrameworkJobsTest" classname="Tests.NeoFrameworkJobsTest" assertions="1" time="0.001579"/>
        <testcase name="testProcessJobHandlesValidJob" file="/var/www/html/tests/NeoFrameworkJobsTest.php" line="554" class="Tests\NeoFrameworkJobsTest" classname="Tests.NeoFrameworkJobsTest" assertions="2" time="0.001945"/>
        <testcase name="testProcessJobRejectsUnregisteredJobs" file="/var/www/html/tests/NeoFrameworkJobsTest.php" line="577" class="Tests\NeoFrameworkJobsTest" classname="Tests.NeoFrameworkJobsTest" assertions="2" time="0.000808"/>
        <testcase name="testProcessJobHandlesExceptions" file="/var/www/html/tests/NeoFrameworkJobsTest.php" line="590" class="Tests\NeoFrameworkJobsTest" classname="Tests.NeoFrameworkJobsTest" assertions="2" time="0.000826"/>
        <testcase name="testProcessJobMarksJobAsFailedAfterMaxAttempts" file="/var/www/html/tests/NeoFrameworkJobsTest.php" line="613" class="Tests\NeoFrameworkJobsTest" classname="Tests.NeoFrameworkJobsTest" assertions="2" time="0.000768"/>
        <testcase name="testCanGetInstance" file="/var/www/html/tests/NeoFrameworkJobsTest.php" line="640" class="Tests\NeoFrameworkJobsTest" classname="Tests.NeoFrameworkJobsTest" assertions="2" time="0.001084"/>
        <testcase name="testCanSetClient" file="/var/www/html/tests/NeoFrameworkJobsTest.php" line="669" class="Tests\NeoFrameworkJobsTest" classname="Tests.NeoFrameworkJobsTest" assertions="1" time="0.000541"/>
        <testcase name="testJobCanBeDispatchedThroughStaticMethod" file="/var/www/html/tests/NeoFrameworkJobsTest.php" line="681" class="Tests\NeoFrameworkJobsTest" classname="Tests.NeoFrameworkJobsTest" assertions="4" time="0.001680"/>
        <testcase name="testJobCanBeScheduledThroughStaticMethod" file="/var/www/html/tests/NeoFrameworkJobsTest.php" line="725" class="Tests\NeoFrameworkJobsTest" classname="Tests.NeoFrameworkJobsTest" assertions="3" time="0.001089"/>
      </testsuite>
      <testsuite name="Tests\NeoFrameworkRequestTest" file="/var/www/html/tests/NeoFrameworkRequestTest.php" tests="14" assertions="62" errors="0" failures="0" skipped="0" time="0.002701">
        <testcase name="testIsXmlHttpRequest" file="/var/www/html/tests/NeoFrameworkRequestTest.php" line="27" class="Tests\NeoFrameworkRequestTest" classname="Tests.NeoFrameworkRequestTest" assertions="4" time="0.000196"/>
        <testcase name="testGetAllHeaders" file="/var/www/html/tests/NeoFrameworkRequestTest.php" line="42" class="Tests\NeoFrameworkRequestTest" classname="Tests.NeoFrameworkRequestTest" assertions="8" time="0.000161"/>
        <testcase name="testAddAndGetHeader" file="/var/www/html/tests/NeoFrameworkRequestTest.php" line="61" class="Tests\NeoFrameworkRequestTest" classname="Tests.NeoFrameworkRequestTest" assertions="2" time="0.000265"/>
        <testcase name="testGetPostCookieMethods" file="/var/www/html/tests/NeoFrameworkRequestTest.php" line="68" class="Tests\NeoFrameworkRequestTest" classname="Tests.NeoFrameworkRequestTest" assertions="8" time="0.000179"/>
        <testcase name="testServerMethod" file="/var/www/html/tests/NeoFrameworkRequestTest.php" line="94" class="Tests\NeoFrameworkRequestTest" classname="Tests.NeoFrameworkRequestTest" assertions="3" time="0.000147"/>
        <testcase name="testGetMethod" file="/var/www/html/tests/NeoFrameworkRequestTest.php" line="106" class="Tests\NeoFrameworkRequestTest" classname="Tests.NeoFrameworkRequestTest" assertions="3" time="0.000152"/>
        <testcase name="testFileMethod" file="/var/www/html/tests/NeoFrameworkRequestTest.php" line="121" class="Tests\NeoFrameworkRequestTest" classname="Tests.NeoFrameworkRequestTest" assertions="2" time="0.000149"/>
        <testcase name="testGetCsrfToken" file="/var/www/html/tests/NeoFrameworkRequestTest.php" line="140" class="Tests\NeoFrameworkRequestTest" classname="Tests.NeoFrameworkRequestTest" assertions="4" time="0.000167"/>
        <testcase name="testArrayMethods" file="/var/www/html/tests/NeoFrameworkRequestTest.php" line="166" class="Tests\NeoFrameworkRequestTest" classname="Tests.NeoFrameworkRequestTest" assertions="7" time="0.000161"/>
        <testcase name="testBodyMethods" file="/var/www/html/tests/NeoFrameworkRequestTest.php" line="192" class="Tests\NeoFrameworkRequestTest" classname="Tests.NeoFrameworkRequestTest" assertions="8" time="0.000512"/>
        <testcase name="testContentType" file="/var/www/html/tests/NeoFrameworkRequestTest.php" line="222" class="Tests\NeoFrameworkRequestTest" classname="Tests.NeoFrameworkRequestTest" assertions="2" time="0.000159"/>
        <testcase name="testAllMethod" file="/var/www/html/tests/NeoFrameworkRequestTest.php" line="233" class="Tests\NeoFrameworkRequestTest" classname="Tests.NeoFrameworkRequestTest" assertions="4" time="0.000156"/>
        <testcase name="testAllMethodWithJsonBody" file="/var/www/html/tests/NeoFrameworkRequestTest.php" line="249" class="Tests\NeoFrameworkRequestTest" classname="Tests.NeoFrameworkRequestTest" assertions="4" time="0.000152"/>
        <testcase name="testSanitizeDataRecursive" file="/var/www/html/tests/NeoFrameworkRequestTest.php" line="267" class="Tests\NeoFrameworkRequestTest" classname="Tests.NeoFrameworkRequestTest" assertions="3" time="0.000144"/>
      </testsuite>
      <testsuite name="Tests\NeoFrameworkResponseTest" file="/var/www/html/tests/NeoFrameworkResponseTest.php" tests="13" assertions="49" errors="0" failures="0" skipped="0" time="0.002753">
        <testcase name="testSetAndGetCode" file="/var/www/html/tests/NeoFrameworkResponseTest.php" line="18" class="Tests\NeoFrameworkResponseTest" classname="Tests.NeoFrameworkResponseTest" assertions="3" time="0.000156"/>
        <testcase name="testIsSent" file="/var/www/html/tests/NeoFrameworkResponseTest.php" line="30" class="Tests\NeoFrameworkResponseTest" classname="Tests.NeoFrameworkResponseTest" assertions="1" time="0.000129"/>
        <testcase name="testSetAndGetHeader" file="/var/www/html/tests/NeoFrameworkResponseTest.php" line="35" class="Tests\NeoFrameworkResponseTest" classname="Tests.NeoFrameworkResponseTest" assertions="3" time="0.000146"/>
        <testcase name="testAddHeader" file="/var/www/html/tests/NeoFrameworkResponseTest.php" line="48" class="Tests\NeoFrameworkResponseTest" classname="Tests.NeoFrameworkResponseTest" assertions="4" time="0.000200"/>
        <testcase name="testGetHeaders" file="/var/www/html/tests/NeoFrameworkResponseTest.php" line="63" class="Tests\NeoFrameworkResponseTest" classname="Tests.NeoFrameworkResponseTest" assertions="6" time="0.000160"/>
        <testcase name="testSetContentType" file="/var/www/html/tests/NeoFrameworkResponseTest.php" line="79" class="Tests\NeoFrameworkResponseTest" classname="Tests.NeoFrameworkResponseTest" assertions="3" time="0.000163"/>
        <testcase name="testSetExpiration" file="/var/www/html/tests/NeoFrameworkResponseTest.php" line="94" class="Tests\NeoFrameworkResponseTest" classname="Tests.NeoFrameworkResponseTest" assertions="5" time="0.000503"/>
        <testcase name="testSetAndDeleteCookie" file="/var/www/html/tests/NeoFrameworkResponseTest.php" line="112" class="Tests\NeoFrameworkResponseTest" classname="Tests.NeoFrameworkResponseTest" assertions="4" time="0.000189"/>
        <testcase name="testGoAndGoToSite" file="/var/www/html/tests/NeoFrameworkResponseTest.php" line="141" class="Tests\NeoFrameworkResponseTest" classname="Tests.NeoFrameworkResponseTest" assertions="3" time="0.000261"/>
        <testcase name="testAddContent" file="/var/www/html/tests/NeoFrameworkResponseTest.php" line="158" class="Tests\NeoFrameworkResponseTest" classname="Tests.NeoFrameworkResponseTest" assertions="8" time="0.000155"/>
        <testcase name="testGetContent" file="/var/www/html/tests/NeoFrameworkResponseTest.php" line="187" class="Tests\NeoFrameworkResponseTest" classname="Tests.NeoFrameworkResponseTest" assertions="2" time="0.000140"/>
        <testcase name="testMethodChaining" file="/var/www/html/tests/NeoFrameworkResponseTest.php" line="200" class="Tests\NeoFrameworkResponseTest" classname="Tests.NeoFrameworkResponseTest" assertions="5" time="0.000153"/>
        <testcase name="testSendThrowsExceptionWhenAlreadySent" file="/var/www/html/tests/NeoFrameworkResponseTest.php" line="216" class="Tests\NeoFrameworkResponseTest" classname="Tests.NeoFrameworkResponseTest" assertions="2" time="0.000397"/>
      </testsuite>
      <testsuite name="Tests\NeoFrameworkRouterTest" file="/var/www/html/tests/NeoFrameworkRouterTest.php" tests="18" assertions="32" errors="0" failures="0" skipped="0" time="0.012630">
        <testcase name="testGetNamespace" file="/var/www/html/tests/NeoFrameworkRouterTest.php" line="35" class="Tests\NeoFrameworkRouterTest" classname="Tests.NeoFrameworkRouterTest" assertions="1" time="0.002586"/>
        <testcase name="testGetControllerNotHome" file="/var/www/html/tests/NeoFrameworkRouterTest.php" line="41" class="Tests\NeoFrameworkRouterTest" classname="Tests.NeoFrameworkRouterTest" assertions="4" time="0.000672"/>
        <testcase name="testGetParameters" file="/var/www/html/tests/NeoFrameworkRouterTest.php" line="64" class="Tests\NeoFrameworkRouterTest" classname="Tests.NeoFrameworkRouterTest" assertions="8" time="0.002504"/>
        <testcase name="testGetParametersWithInvalidRegex" file="/var/www/html/tests/NeoFrameworkRouterTest.php" line="110" class="Tests\NeoFrameworkRouterTest" classname="Tests.NeoFrameworkRouterTest" assertions="2" time="0.000423"/>
        <testcase name="testGetParametersWithMissingRequired" file="/var/www/html/tests/NeoFrameworkRouterTest.php" line="119" class="Tests\NeoFrameworkRouterTest" classname="Tests.NeoFrameworkRouterTest" assertions="2" time="0.000371"/>
        <testcase name="testLoad" file="/var/www/html/tests/NeoFrameworkRouterTest.php" line="128" class="Tests\NeoFrameworkRouterTest" classname="Tests.NeoFrameworkRouterTest" assertions="2" time="0.000379"/>
        <testcase name="testLoadWithSpecificController" file="/var/www/html/tests/NeoFrameworkRouterTest.php" line="138" class="Tests\NeoFrameworkRouterTest" classname="Tests.NeoFrameworkRouterTest" assertions="2" time="0.000378"/>
        <testcase name="testIsHome" file="/var/www/html/tests/NeoFrameworkRouterTest.php" line="148" class="Tests\NeoFrameworkRouterTest" classname="Tests.NeoFrameworkRouterTest" assertions="1" time="0.000365"/>
        <testcase name="testGetPath" file="/var/www/html/tests/NeoFrameworkRouterTest.php" line="160" class="Tests\NeoFrameworkRouterTest" classname="Tests.NeoFrameworkRouterTest" assertions="1" time="0.000509"/>
        <testcase name="testRouterWithQueryString" file="/var/www/html/tests/NeoFrameworkRouterTest.php" line="178" class="Tests\NeoFrameworkRouterTest" classname="Tests.NeoFrameworkRouterTest" assertions="1" time="0.000412"/>
        <testcase name="testRouterWithComplexURI" file="/var/www/html/tests/NeoFrameworkRouterTest.php" line="186" class="Tests\NeoFrameworkRouterTest" classname="Tests.NeoFrameworkRouterTest" assertions="1" time="0.000451"/>
        <testcase name="testParameterValidation" file="/var/www/html/tests/NeoFrameworkRouterTest.php" line="194" class="Tests\NeoFrameworkRouterTest" classname="Tests.NeoFrameworkRouterTest" assertions="1" time="0.000402"/>
        <testcase name="testGlobalMiddlewareLoading" file="/var/www/html/tests/NeoFrameworkRouterTest.php" line="205" class="Tests\NeoFrameworkRouterTest" classname="Tests.NeoFrameworkRouterTest" assertions="1" time="0.000776"/>
        <testcase name="testSecurityHeadersMiddlewareLoadingEnabled" file="/var/www/html/tests/NeoFrameworkRouterTest.php" line="218" class="Tests\NeoFrameworkRouterTest" classname="Tests.NeoFrameworkRouterTest" assertions="1" time="0.000496"/>
        <testcase name="testSecurityHeadersMiddlewareLoadingDisabled" file="/var/www/html/tests/NeoFrameworkRouterTest.php" line="231" class="Tests\NeoFrameworkRouterTest" classname="Tests.NeoFrameworkRouterTest" assertions="1" time="0.000452"/>
        <testcase name="testSecurityHeadersMiddlewareLoadingDefault" file="/var/www/html/tests/NeoFrameworkRouterTest.php" line="244" class="Tests\NeoFrameworkRouterTest" classname="Tests.NeoFrameworkRouterTest" assertions="1" time="0.000389"/>
        <testcase name="testBothMiddlewaresEnabled" file="/var/www/html/tests/NeoFrameworkRouterTest.php" line="253" class="Tests\NeoFrameworkRouterTest" classname="Tests.NeoFrameworkRouterTest" assertions="1" time="0.000410"/>
        <testcase name="testRouteRewriteHandling" file="/var/www/html/tests/NeoFrameworkRouterTest.php" line="268" class="Tests\NeoFrameworkRouterTest" classname="Tests.NeoFrameworkRouterTest" assertions="1" time="0.000656"/>
      </testsuite>
      <testsuite name="Tests\NeoFrameworkSecurityHeadersTest" file="/var/www/html/tests/NeoFrameworkSecurityHeadersTest.php" tests="17" assertions="20" errors="0" failures="0" skipped="0" time="0.003634">
        <testcase name="testDefaultConfiguration" file="/var/www/html/tests/NeoFrameworkSecurityHeadersTest.php" line="21" class="Tests\NeoFrameworkSecurityHeadersTest" classname="Tests.NeoFrameworkSecurityHeadersTest" assertions="1" time="0.000179"/>
        <testcase name="testCustomConfiguration" file="/var/www/html/tests/NeoFrameworkSecurityHeadersTest.php" line="27" class="Tests\NeoFrameworkSecurityHeadersTest" classname="Tests.NeoFrameworkSecurityHeadersTest" assertions="1" time="0.000155"/>
        <testcase name="testBeforeMethodAddsHeaders" file="/var/www/html/tests/NeoFrameworkSecurityHeadersTest.php" line="42" class="Tests\NeoFrameworkSecurityHeadersTest" classname="Tests.NeoFrameworkSecurityHeadersTest" assertions="2" time="0.000757"/>
        <testcase name="testAfterMethodReturnsResponse" file="/var/www/html/tests/NeoFrameworkSecurityHeadersTest.php" line="59" class="Tests\NeoFrameworkSecurityHeadersTest" classname="Tests.NeoFrameworkSecurityHeadersTest" assertions="2" time="0.000181"/>
        <testcase name="testFromEnvWithNoEnvironmentVariables" file="/var/www/html/tests/NeoFrameworkSecurityHeadersTest.php" line="70" class="Tests\NeoFrameworkSecurityHeadersTest" classname="Tests.NeoFrameworkSecurityHeadersTest" assertions="1" time="0.000248"/>
        <testcase name="testFromEnvWithXFrameOptions" file="/var/www/html/tests/NeoFrameworkSecurityHeadersTest.php" line="76" class="Tests\NeoFrameworkSecurityHeadersTest" classname="Tests.NeoFrameworkSecurityHeadersTest" assertions="1" time="0.000153"/>
        <testcase name="testFromEnvWithXContentOptions" file="/var/www/html/tests/NeoFrameworkSecurityHeadersTest.php" line="86" class="Tests\NeoFrameworkSecurityHeadersTest" classname="Tests.NeoFrameworkSecurityHeadersTest" assertions="1" time="0.000138"/>
        <testcase name="testFromEnvWithReferrerPolicy" file="/var/www/html/tests/NeoFrameworkSecurityHeadersTest.php" line="96" class="Tests\NeoFrameworkSecurityHeadersTest" classname="Tests.NeoFrameworkSecurityHeadersTest" assertions="1" time="0.000157"/>
        <testcase name="testFromEnvWithContentSecurityPolicy" file="/var/www/html/tests/NeoFrameworkSecurityHeadersTest.php" line="106" class="Tests\NeoFrameworkSecurityHeadersTest" classname="Tests.NeoFrameworkSecurityHeadersTest" assertions="1" time="0.000202"/>
        <testcase name="testFromEnvWithPermissionsPolicy" file="/var/www/html/tests/NeoFrameworkSecurityHeadersTest.php" line="116" class="Tests\NeoFrameworkSecurityHeadersTest" classname="Tests.NeoFrameworkSecurityHeadersTest" assertions="1" time="0.000163"/>
        <testcase name="testFromEnvWithStrictTransportSecurity" file="/var/www/html/tests/NeoFrameworkSecurityHeadersTest.php" line="126" class="Tests\NeoFrameworkSecurityHeadersTest" classname="Tests.NeoFrameworkSecurityHeadersTest" assertions="1" time="0.000141"/>
        <testcase name="testFromEnvWithAllEnvironmentVariables" file="/var/www/html/tests/NeoFrameworkSecurityHeadersTest.php" line="136" class="Tests\NeoFrameworkSecurityHeadersTest" classname="Tests.NeoFrameworkSecurityHeadersTest" assertions="1" time="0.000146"/>
        <testcase name="testDefaultHeaderValues" file="/var/www/html/tests/NeoFrameworkSecurityHeadersTest.php" line="157" class="Tests\NeoFrameworkSecurityHeadersTest" classname="Tests.NeoFrameworkSecurityHeadersTest" assertions="1" time="0.000209"/>
        <testcase name="testEmptyStringConfigurationValues" file="/var/www/html/tests/NeoFrameworkSecurityHeadersTest.php" line="171" class="Tests\NeoFrameworkSecurityHeadersTest" classname="Tests.NeoFrameworkSecurityHeadersTest" assertions="1" time="0.000278"/>
        <testcase name="testSecurityHeadersIntegrationWithController" file="/var/www/html/tests/NeoFrameworkSecurityHeadersTest.php" line="191" class="Tests\NeoFrameworkSecurityHeadersTest" classname="Tests.NeoFrameworkSecurityHeadersTest" assertions="2" time="0.000213"/>
        <testcase name="testSecurityHeadersWithEmptyConfig" file="/var/www/html/tests/NeoFrameworkSecurityHeadersTest.php" line="219" class="Tests\NeoFrameworkSecurityHeadersTest" classname="Tests.NeoFrameworkSecurityHeadersTest" assertions="1" time="0.000169"/>
        <testcase name="testSecurityHeadersConfigMerging" file="/var/www/html/tests/NeoFrameworkSecurityHeadersTest.php" line="233" class="Tests\NeoFrameworkSecurityHeadersTest" classname="Tests.NeoFrameworkSecurityHeadersTest" assertions="1" time="0.000146"/>
      </testsuite>
    </testsuite>
  </testsuite>
</testsuites>
